<?xml version="1.0" encoding="UTF-8"?>
<!-- Generated by org.testng.reporters.JUnitXMLReporter -->
<testsuite ignored="0" hostname="Parth" failures="1" tests="2" name="Test" time="14.877" errors="0" timestamp="2026-04-23T15:52:52 IST">
  <testcase classname="tests.DistrictTest" name="bookMovie" time="0.567">
    <skipped/>
  </testcase> <!-- bookMovie -->
  <testcase classname="tests.DistrictTest" name="bookMovie" time="0.41">
    <failure type="java.lang.AssertionError" message="expected [true] but found [false]">
      <![CDATA[java.lang.AssertionError: expected [true] but found [false]
at tests.DistrictTest.bookMovie(DistrictTest.java:34)
at java.base/java.util.ArrayList.forEach(ArrayList.java:1596)
... Removed 29 stack frames]]>
    </failure>
  </testcase> <!-- bookMovie -->
</testsuite> <!-- Test -->
