<?xml version="1.0" encoding="UTF-8"?>
<!-- Generated by org.testng.reporters.JUnitXMLReporter -->
<testsuite ignored="0" hostname="Parth" failures="1" tests="1" name="Test" time="4.684" errors="0" timestamp="2026-03-30T16:10:18 IST">
  <testcase classname="district.DistrictTest" name="selectLocation" time="0.084">
    <failure type="java.lang.AssertionError" message="Title is displayed correctly expected [12344District by Zomato: Movies, Event, Dining, Sport &amp;amp; Concerts Nearby] but found [District by Zomato: Movies, Events, Dining, Sports &amp;amp; Concerts Nearby]">
      <![CDATA[java.lang.AssertionError: Title is displayed correctly expected [12344District by Zomato: Movies, Event, Dining, Sport & Concerts Nearby] but found [District by Zomato: Movies, Events, Dining, Sports & Concerts Nearby]
at district.DistrictTest.selectLocation(DistrictTest.java:36)
at java.base/java.util.ArrayList.forEach(ArrayList.java:1604)
... Removed 34 stack frames]]>
    </failure>
  </testcase> <!-- selectLocation -->
</testsuite> <!-- Test -->
